<?xml version="1.0" encoding="UTF-8"?>
<testng-results ignored="0" total="1" passed="1" failed="0" skipped="0">
  <reporter-output>
  </reporter-output>
  <suite started-at="2026-02-03T12:32:25 IST" name="Suite" finished-at="2026-02-03T12:32:33 IST" duration-ms="7200">
    <groups>
      <group name="Master">
        <method signature="TC002_LoginTest.logintest()[pri:0, instance:testCases.TC002_LoginTest@1139b2f3]" name="logintest" class="testCases.TC002_LoginTest"/>
      </group> <!-- Master -->
      <group name="Sanity">
        <method signature="TC002_LoginTest.logintest()[pri:0, instance:testCases.TC002_LoginTest@1139b2f3]" name="logintest" class="testCases.TC002_LoginTest"/>
      </group> <!-- Sanity -->
    </groups>
    <test started-at="2026-02-03T12:32:25 IST" name="Test" finished-at="2026-02-03T12:32:33 IST" duration-ms="7200">
      <class name="testCases.TC002_LoginTest">
        <test-method is-config="true" signature="setUp(java.lang.String,java.lang.String)[pri:0, instance:testCases.TC002_LoginTest@1139b2f3]" started-at="2026-02-03T12:32:26 IST" name="setUp" finished-at="2026-02-03T12:32:31 IST" duration-ms="4979" status="PASS">
          <params>
            <param index="0">
              <value>
                <![CDATA[Windows]]>
              </value>
            </param>
            <param index="1">
              <value>
                <![CDATA[chrome]]>
              </value>
            </param>
          </params>
          <reporter-output>
          </reporter-output>
        </test-method> <!-- setUp -->
        <test-method signature="logintest()[pri:0, instance:testCases.TC002_LoginTest@1139b2f3]" started-at="2026-02-03T12:32:31 IST" name="logintest" finished-at="2026-02-03T12:32:32 IST" duration-ms="1702" status="PASS">
          <reporter-output>
          </reporter-output>
        </test-method> <!-- logintest -->
        <test-method is-config="true" signature="tearDown()[pri:0, instance:testCases.TC002_LoginTest@1139b2f3]" started-at="2026-02-03T12:32:32 IST" name="tearDown" finished-at="2026-02-03T12:32:33 IST" duration-ms="216" status="PASS">
          <reporter-output>
          </reporter-output>
        </test-method> <!-- tearDown -->
      </class> <!-- testCases.TC002_LoginTest -->
    </test> <!-- Test -->
  </suite> <!-- Suite -->
</testng-results>
